CRITICAL - 2023-12-09 08:55:26 --> Class 'App\Models\AlternatifModel' not found
in APPPATH\Controllers\Home.php on line 12.
 1 SYSTEMPATH\CodeIgniter.php(932): App\Controllers\Home->index()
 2 SYSTEMPATH\CodeIgniter.php(497): CodeIgniter\CodeIgniter->runController(Object(App\Controllers\Home))
 3 SYSTEMPATH\CodeIgniter.php(366): CodeIgniter\CodeIgniter->handleRequest(null, Object(Config\Cache), false)
 4 FCPATH\index.php(67): CodeIgniter\CodeIgniter->run()
 5 SYSTEMPATH\Commands\Server\rewrite.php(47): require_once('C:\\xampp\\htdocs\\SPK-Saw\\public\\index.php')
CRITICAL - 2023-12-09 08:57:05 --> Class 'App\Models\M_Alternatif' not found
in APPPATH\Controllers\Home.php on line 12.
 1 SYSTEMPATH\CodeIgniter.php(932): App\Controllers\Home->index()
 2 SYSTEMPATH\CodeIgniter.php(497): CodeIgniter\CodeIgniter->runController(Object(App\Controllers\Home))
 3 SYSTEMPATH\CodeIgniter.php(366): CodeIgniter\CodeIgniter->handleRequest(null, Object(Config\Cache), false)
 4 FCPATH\index.php(67): CodeIgniter\CodeIgniter->run()
 5 SYSTEMPATH\Commands\Server\rewrite.php(47): require_once('C:\\xampp\\htdocs\\SPK-Saw\\public\\index.php')
ERROR - 2023-12-09 08:57:55 --> Error connecting to the database: mysqli_sql_exception: Access denied for user ''@'localhost' (using password: YES) in C:\xampp\htdocs\SPK-Saw\system\Database\MySQLi\Connection.php:174
Stack trace:
#0 C:\xampp\htdocs\SPK-Saw\system\Database\MySQLi\Connection.php(174): mysqli->real_connect('localhost', '', 'root', 'saw', 3306, '', 0)
#1 C:\xampp\htdocs\SPK-Saw\system\Database\BaseConnection.php(391): CodeIgniter\Database\MySQLi\Connection->connect(false)
#2 C:\xampp\htdocs\SPK-Saw\system\Database\BaseConnection.php(574): CodeIgniter\Database\BaseConnection->initialize()
#3 C:\xampp\htdocs\SPK-Saw\system\Database\BaseBuilder.php(1616): CodeIgniter\Database\BaseConnection->query('SELECT *\nFROM `...', Array, false)
#4 C:\xampp\htdocs\SPK-Saw\system\Model.php(241): CodeIgniter\Database\BaseBuilder->get()
#5 C:\xampp\htdocs\SPK-Saw\system\BaseModel.php(618): CodeIgniter\Model->doFindAll(0, 0)
#6 C:\xampp\htdocs\SPK-Saw\app\Controllers\Home.php(13): CodeIgniter\BaseModel->findAll()
#7 C:\xampp\htdocs\SPK-Saw\system\CodeIgniter.php(932): App\Controllers\Home->index()
#8 C:\xampp\htdocs\SPK-Saw\system\CodeIgniter.php(497): CodeIgniter\CodeIgniter->runController(Object(App\Controllers\Home))
#9 C:\xampp\htdocs\SPK-Saw\system\CodeIgniter.php(366): CodeIgniter\CodeIgniter->handleRequest(NULL, Object(Config\Cache), false)
#10 C:\xampp\htdocs\SPK-Saw\public\index.php(67): CodeIgniter\CodeIgniter->run()
#11 C:\xampp\htdocs\SPK-Saw\system\Commands\Server\rewrite.php(47): require_once('C:\\xampp\\htdocs...')
#12 {main}

Next CodeIgniter\Database\Exceptions\DatabaseException: Access denied for user ''@'localhost' (using password: YES) in C:\xampp\htdocs\SPK-Saw\system\Database\MySQLi\Connection.php:218
Stack trace:
#0 C:\xampp\htdocs\SPK-Saw\system\Database\BaseConnection.php(391): CodeIgniter\Database\MySQLi\Connection->connect(false)
#1 C:\xampp\htdocs\SPK-Saw\system\Database\BaseConnection.php(574): CodeIgniter\Database\BaseConnection->initialize()
#2 C:\xampp\htdocs\SPK-Saw\system\Database\BaseBuilder.php(1616): CodeIgniter\Database\BaseConnection->query('SELECT *\nFROM `...', Array, false)
#3 C:\xampp\htdocs\SPK-Saw\system\Model.php(241): CodeIgniter\Database\BaseBuilder->get()
#4 C:\xampp\htdocs\SPK-Saw\system\BaseModel.php(618): CodeIgniter\Model->doFindAll(0, 0)
#5 C:\xampp\htdocs\SPK-Saw\app\Controllers\Home.php(13): CodeIgniter\BaseModel->findAll()
#6 C:\xampp\htdocs\SPK-Saw\system\CodeIgniter.php(932): App\Controllers\Home->index()
#7 C:\xampp\htdocs\SPK-Saw\system\CodeIgniter.php(497): CodeIgniter\CodeIgniter->runController(Object(App\Controllers\Home))
#8 C:\xampp\htdocs\SPK-Saw\system\CodeIgniter.php(366): CodeIgniter\CodeIgniter->handleRequest(NULL, Object(Config\Cache), false)
#9 C:\xampp\htdocs\SPK-Saw\public\index.php(67): CodeIgniter\CodeIgniter->run()
#10 C:\xampp\htdocs\SPK-Saw\system\Commands\Server\rewrite.php(47): require_once('C:\\xampp\\htdocs...')
#11 {main}
CRITICAL - 2023-12-09 08:57:55 --> Unable to connect to the database.
Main connection [MySQLi]: Access denied for user ''@'localhost' (using password: YES)
in SYSTEMPATH\Database\BaseConnection.php on line 427.
 1 SYSTEMPATH\Database\BaseConnection.php(574): CodeIgniter\Database\BaseConnection->initialize()
 2 SYSTEMPATH\Database\BaseBuilder.php(1616): CodeIgniter\Database\BaseConnection->query('SELECT *
FROM `alternatif`', [], false)
 3 SYSTEMPATH\Model.php(241): CodeIgniter\Database\BaseBuilder->get()
 4 SYSTEMPATH\BaseModel.php(618): CodeIgniter\Model->doFindAll(0, 0)
 5 APPPATH\Controllers\Home.php(13): CodeIgniter\BaseModel->findAll()
 6 SYSTEMPATH\CodeIgniter.php(932): App\Controllers\Home->index()
 7 SYSTEMPATH\CodeIgniter.php(497): CodeIgniter\CodeIgniter->runController(Object(App\Controllers\Home))
 8 SYSTEMPATH\CodeIgniter.php(366): CodeIgniter\CodeIgniter->handleRequest(null, Object(Config\Cache), false)
 9 FCPATH\index.php(67): CodeIgniter\CodeIgniter->run()
10 SYSTEMPATH\Commands\Server\rewrite.php(47): require_once('C:\\xampp\\htdocs\\SPK-Saw\\public\\index.php')
CRITICAL - 2023-12-09 09:14:26 --> Undefined index: nilai_akademik
in APPPATH\Views\index.php on line 27.
 1 APPPATH\Views\index.php(27): CodeIgniter\Debug\Exceptions->errorHandler(8, 'Undefined index: nilai_akademik', 'C:\\xampp\\htdocs\\SPK-Saw\\app\\Views\\index.php', 27, [...])
 2 SYSTEMPATH\View\View.php(224): include('C:\\xampp\\htdocs\\SPK-Saw\\app\\Views\\index.php')
 3 SYSTEMPATH\View\View.php(227): CodeIgniter\View\View->CodeIgniter\View\{closure}()
 4 SYSTEMPATH\Common.php(1180): CodeIgniter\View\View->render('index', [], true)
 5 APPPATH\Controllers\Home.php(15): view('index', [...])
 6 SYSTEMPATH\CodeIgniter.php(932): App\Controllers\Home->index()
 7 SYSTEMPATH\CodeIgniter.php(497): CodeIgniter\CodeIgniter->runController(Object(App\Controllers\Home))
 8 SYSTEMPATH\CodeIgniter.php(366): CodeIgniter\CodeIgniter->handleRequest(null, Object(Config\Cache), false)
 9 FCPATH\index.php(67): CodeIgniter\CodeIgniter->run()
10 SYSTEMPATH\Commands\Server\rewrite.php(47): require_once('C:\\xampp\\htdocs\\SPK-Saw\\public\\index.php')
CRITICAL - 2023-12-09 09:14:35 --> Undefined index: n_akademik
in APPPATH\Views\index.php on line 27.
 1 APPPATH\Views\index.php(27): CodeIgniter\Debug\Exceptions->errorHandler(8, 'Undefined index: n_akademik', 'C:\\xampp\\htdocs\\SPK-Saw\\app\\Views\\index.php', 27, [...])
 2 SYSTEMPATH\View\View.php(224): include('C:\\xampp\\htdocs\\SPK-Saw\\app\\Views\\index.php')
 3 SYSTEMPATH\View\View.php(227): CodeIgniter\View\View->CodeIgniter\View\{closure}()
 4 SYSTEMPATH\Common.php(1180): CodeIgniter\View\View->render('index', [], true)
 5 APPPATH\Controllers\Home.php(15): view('index', [...])
 6 SYSTEMPATH\CodeIgniter.php(932): App\Controllers\Home->index()
 7 SYSTEMPATH\CodeIgniter.php(497): CodeIgniter\CodeIgniter->runController(Object(App\Controllers\Home))
 8 SYSTEMPATH\CodeIgniter.php(366): CodeIgniter\CodeIgniter->handleRequest(null, Object(Config\Cache), false)
 9 FCPATH\index.php(67): CodeIgniter\CodeIgniter->run()
10 SYSTEMPATH\Commands\Server\rewrite.php(47): require_once('C:\\xampp\\htdocs\\SPK-Saw\\public\\index.php')
CRITICAL - 2023-12-09 09:34:01 --> A non-numeric value encountered
in APPPATH\Controllers\Home.php on line 61.
 1 APPPATH\Controllers\Home.php(61): CodeIgniter\Debug\Exceptions->errorHandler(2, 'A non-numeric value encountered', 'C:\\xampp\\htdocs\\SPK-Saw\\app\\Controllers\\Home.php', 61, [...])
 2 APPPATH\Controllers\Home.php(45): App\Controllers\Home->hitungSAW([...], [...], [...], [...], [...])
 3 SYSTEMPATH\CodeIgniter.php(932): App\Controllers\Home->prosesForm()
 4 SYSTEMPATH\CodeIgniter.php(497): CodeIgniter\CodeIgniter->runController(Object(App\Controllers\Home))
 5 SYSTEMPATH\CodeIgniter.php(366): CodeIgniter\CodeIgniter->handleRequest(null, Object(Config\Cache), false)
 6 FCPATH\index.php(67): CodeIgniter\CodeIgniter->run()
 7 SYSTEMPATH\Commands\Server\rewrite.php(47): require_once('C:\\xampp\\htdocs\\SPK-Saw\\public\\index.php')
CRITICAL - 2023-12-09 09:36:33 --> Invalid file: "hasil_perhitungan.php"
in SYSTEMPATH\Exceptions\FrameworkException.php on line 33.
 1 SYSTEMPATH\View\View.php(212): CodeIgniter\Exceptions\FrameworkException::forInvalidFile('hasil_perhitungan.php')
 2 SYSTEMPATH\Common.php(1180): CodeIgniter\View\View->render('hasil_perhitungan', [], true)
 3 APPPATH\Controllers\Home.php(50): view('hasil_perhitungan', [...])
 4 SYSTEMPATH\CodeIgniter.php(932): App\Controllers\Home->prosesForm()
 5 SYSTEMPATH\CodeIgniter.php(497): CodeIgniter\CodeIgniter->runController(Object(App\Controllers\Home))
 6 SYSTEMPATH\CodeIgniter.php(366): CodeIgniter\CodeIgniter->handleRequest(null, Object(Config\Cache), false)
 7 FCPATH\index.php(67): CodeIgniter\CodeIgniter->run()
 8 SYSTEMPATH\Commands\Server\rewrite.php(47): require_once('C:\\xampp\\htdocs\\SPK-Saw\\public\\index.php')
CRITICAL - 2023-12-09 09:37:28 --> Invalid file: "/.php"
in SYSTEMPATH\Exceptions\FrameworkException.php on line 33.
 1 SYSTEMPATH\View\View.php(212): CodeIgniter\Exceptions\FrameworkException::forInvalidFile('/.php')
 2 SYSTEMPATH\Common.php(1180): CodeIgniter\View\View->render('/', [], true)
 3 APPPATH\Controllers\Home.php(50): view('/', [...])
 4 SYSTEMPATH\CodeIgniter.php(932): App\Controllers\Home->prosesForm()
 5 SYSTEMPATH\CodeIgniter.php(497): CodeIgniter\CodeIgniter->runController(Object(App\Controllers\Home))
 6 SYSTEMPATH\CodeIgniter.php(366): CodeIgniter\CodeIgniter->handleRequest(null, Object(Config\Cache), false)
 7 FCPATH\index.php(67): CodeIgniter\CodeIgniter->run()
 8 SYSTEMPATH\Commands\Server\rewrite.php(47): require_once('C:\\xampp\\htdocs\\SPK-Saw\\public\\index.php')
CRITICAL - 2023-12-09 09:37:40 --> Undefined variable: alternatifOptions
in APPPATH\Views\index.php on line 22.
 1 APPPATH\Views\index.php(22): CodeIgniter\Debug\Exceptions->errorHandler(8, 'Undefined variable: alternatifOptions', 'C:\\xampp\\htdocs\\SPK-Saw\\app\\Views\\index.php', 22, [...])
 2 SYSTEMPATH\View\View.php(224): include('C:\\xampp\\htdocs\\SPK-Saw\\app\\Views\\index.php')
 3 SYSTEMPATH\View\View.php(227): CodeIgniter\View\View->CodeIgniter\View\{closure}()
 4 SYSTEMPATH\Common.php(1180): CodeIgniter\View\View->render('index', [], true)
 5 APPPATH\Controllers\Home.php(50): view('index', [...])
 6 SYSTEMPATH\CodeIgniter.php(932): App\Controllers\Home->prosesForm()
 7 SYSTEMPATH\CodeIgniter.php(497): CodeIgniter\CodeIgniter->runController(Object(App\Controllers\Home))
 8 SYSTEMPATH\CodeIgniter.php(366): CodeIgniter\CodeIgniter->handleRequest(null, Object(Config\Cache), false)
 9 FCPATH\index.php(67): CodeIgniter\CodeIgniter->run()
10 SYSTEMPATH\Commands\Server\rewrite.php(47): require_once('C:\\xampp\\htdocs\\SPK-Saw\\public\\index.php')
CRITICAL - 2023-12-09 09:40:09 --> Undefined variable: alternatifOptions
in APPPATH\Views\index.php on line 22.
 1 APPPATH\Views\index.php(22): CodeIgniter\Debug\Exceptions->errorHandler(8, 'Undefined variable: alternatifOptions', 'C:\\xampp\\htdocs\\SPK-Saw\\app\\Views\\index.php', 22, [...])
 2 SYSTEMPATH\View\View.php(224): include('C:\\xampp\\htdocs\\SPK-Saw\\app\\Views\\index.php')
 3 SYSTEMPATH\View\View.php(227): CodeIgniter\View\View->CodeIgniter\View\{closure}()
 4 SYSTEMPATH\Common.php(1180): CodeIgniter\View\View->render('index', [], true)
 5 APPPATH\Controllers\Home.php(51): view('index', [...])
 6 SYSTEMPATH\CodeIgniter.php(932): App\Controllers\Home->prosesForm()
 7 SYSTEMPATH\CodeIgniter.php(497): CodeIgniter\CodeIgniter->runController(Object(App\Controllers\Home))
 8 SYSTEMPATH\CodeIgniter.php(366): CodeIgniter\CodeIgniter->handleRequest(null, Object(Config\Cache), false)
 9 FCPATH\index.php(67): CodeIgniter\CodeIgniter->run()
10 SYSTEMPATH\Commands\Server\rewrite.php(47): require_once('C:\\xampp\\htdocs\\SPK-Saw\\public\\index.php')
CRITICAL - 2023-12-09 09:40:46 --> Undefined variable: alternatifOptions
in APPPATH\Views\index.php on line 22.
 1 APPPATH\Views\index.php(22): CodeIgniter\Debug\Exceptions->errorHandler(8, 'Undefined variable: alternatifOptions', 'C:\\xampp\\htdocs\\SPK-Saw\\app\\Views\\index.php', 22, [...])
 2 SYSTEMPATH\View\View.php(224): include('C:\\xampp\\htdocs\\SPK-Saw\\app\\Views\\index.php')
 3 SYSTEMPATH\View\View.php(227): CodeIgniter\View\View->CodeIgniter\View\{closure}()
 4 SYSTEMPATH\Common.php(1180): CodeIgniter\View\View->render('index', [], true)
 5 APPPATH\Controllers\Home.php(53): view('index', [...])
 6 SYSTEMPATH\CodeIgniter.php(932): App\Controllers\Home->prosesForm()
 7 SYSTEMPATH\CodeIgniter.php(497): CodeIgniter\CodeIgniter->runController(Object(App\Controllers\Home))
 8 SYSTEMPATH\CodeIgniter.php(366): CodeIgniter\CodeIgniter->handleRequest(null, Object(Config\Cache), false)
 9 FCPATH\index.php(67): CodeIgniter\CodeIgniter->run()
10 SYSTEMPATH\Commands\Server\rewrite.php(47): require_once('C:\\xampp\\htdocs\\SPK-Saw\\public\\index.php')
CRITICAL - 2023-12-09 09:41:36 --> Undefined variable: alternatifOptions
in APPPATH\Views\index.php on line 22.
 1 APPPATH\Views\index.php(22): CodeIgniter\Debug\Exceptions->errorHandler(8, 'Undefined variable: alternatifOptions', 'C:\\xampp\\htdocs\\SPK-Saw\\app\\Views\\index.php', 22, [...])
 2 SYSTEMPATH\View\View.php(224): include('C:\\xampp\\htdocs\\SPK-Saw\\app\\Views\\index.php')
 3 SYSTEMPATH\View\View.php(227): CodeIgniter\View\View->CodeIgniter\View\{closure}()
 4 SYSTEMPATH\Common.php(1180): CodeIgniter\View\View->render('index', [], true)
 5 APPPATH\Controllers\Home.php(54): view('index', [...])
 6 SYSTEMPATH\CodeIgniter.php(932): App\Controllers\Home->prosesForm()
 7 SYSTEMPATH\CodeIgniter.php(497): CodeIgniter\CodeIgniter->runController(Object(App\Controllers\Home))
 8 SYSTEMPATH\CodeIgniter.php(366): CodeIgniter\CodeIgniter->handleRequest(null, Object(Config\Cache), false)
 9 FCPATH\index.php(67): CodeIgniter\CodeIgniter->run()
10 SYSTEMPATH\Commands\Server\rewrite.php(47): require_once('C:\\xampp\\htdocs\\SPK-Saw\\public\\index.php')
CRITICAL - 2023-12-09 09:41:40 --> Undefined variable: alternatifOptions
in APPPATH\Views\index.php on line 22.
 1 APPPATH\Views\index.php(22): CodeIgniter\Debug\Exceptions->errorHandler(8, 'Undefined variable: alternatifOptions', 'C:\\xampp\\htdocs\\SPK-Saw\\app\\Views\\index.php', 22, [...])
 2 SYSTEMPATH\View\View.php(224): include('C:\\xampp\\htdocs\\SPK-Saw\\app\\Views\\index.php')
 3 SYSTEMPATH\View\View.php(227): CodeIgniter\View\View->CodeIgniter\View\{closure}()
 4 SYSTEMPATH\Common.php(1180): CodeIgniter\View\View->render('index', [], true)
 5 APPPATH\Controllers\Home.php(54): view('index', [...])
 6 SYSTEMPATH\CodeIgniter.php(932): App\Controllers\Home->prosesForm()
 7 SYSTEMPATH\CodeIgniter.php(497): CodeIgniter\CodeIgniter->runController(Object(App\Controllers\Home))
 8 SYSTEMPATH\CodeIgniter.php(366): CodeIgniter\CodeIgniter->handleRequest(null, Object(Config\Cache), false)
 9 FCPATH\index.php(67): CodeIgniter\CodeIgniter->run()
10 SYSTEMPATH\Commands\Server\rewrite.php(47): require_once('C:\\xampp\\htdocs\\SPK-Saw\\public\\index.php')
CRITICAL - 2023-12-09 09:42:42 --> Undefined variable: alternatifOptions
in APPPATH\Views\index.php on line 22.
 1 APPPATH\Views\index.php(22): CodeIgniter\Debug\Exceptions->errorHandler(8, 'Undefined variable: alternatifOptions', 'C:\\xampp\\htdocs\\SPK-Saw\\app\\Views\\index.php', 22, [...])
 2 SYSTEMPATH\View\View.php(224): include('C:\\xampp\\htdocs\\SPK-Saw\\app\\Views\\index.php')
 3 SYSTEMPATH\View\View.php(227): CodeIgniter\View\View->CodeIgniter\View\{closure}()
 4 SYSTEMPATH\Common.php(1180): CodeIgniter\View\View->render('index', [], true)
 5 APPPATH\Controllers\Home.php(49): view('index', [...])
 6 SYSTEMPATH\CodeIgniter.php(932): App\Controllers\Home->prosesForm()
 7 SYSTEMPATH\CodeIgniter.php(497): CodeIgniter\CodeIgniter->runController(Object(App\Controllers\Home))
 8 SYSTEMPATH\CodeIgniter.php(366): CodeIgniter\CodeIgniter->handleRequest(null, Object(Config\Cache), false)
 9 FCPATH\index.php(67): CodeIgniter\CodeIgniter->run()
10 SYSTEMPATH\Commands\Server\rewrite.php(47): require_once('C:\\xampp\\htdocs\\SPK-Saw\\public\\index.php')
CRITICAL - 2023-12-09 09:43:35 --> Undefined variable: alternatifOptions
in APPPATH\Views\index.php on line 22.
 1 APPPATH\Views\index.php(22): CodeIgniter\Debug\Exceptions->errorHandler(8, 'Undefined variable: alternatifOptions', 'C:\\xampp\\htdocs\\SPK-Saw\\app\\Views\\index.php', 22, [...])
 2 SYSTEMPATH\View\View.php(224): include('C:\\xampp\\htdocs\\SPK-Saw\\app\\Views\\index.php')
 3 SYSTEMPATH\View\View.php(227): CodeIgniter\View\View->CodeIgniter\View\{closure}()
 4 SYSTEMPATH\Common.php(1180): CodeIgniter\View\View->render('index', [], true)
 5 APPPATH\Controllers\Home.php(51): view('index', [...])
 6 SYSTEMPATH\CodeIgniter.php(932): App\Controllers\Home->prosesForm()
 7 SYSTEMPATH\CodeIgniter.php(497): CodeIgniter\CodeIgniter->runController(Object(App\Controllers\Home))
 8 SYSTEMPATH\CodeIgniter.php(366): CodeIgniter\CodeIgniter->handleRequest(null, Object(Config\Cache), false)
 9 FCPATH\index.php(67): CodeIgniter\CodeIgniter->run()
10 SYSTEMPATH\Commands\Server\rewrite.php(47): require_once('C:\\xampp\\htdocs\\SPK-Saw\\public\\index.php')
CRITICAL - 2023-12-09 09:53:25 --> Undefined variable: alternatifOptions
in APPPATH\Views\index.php on line 22.
 1 APPPATH\Views\index.php(22): CodeIgniter\Debug\Exceptions->errorHandler(8, 'Undefined variable: alternatifOptions', 'C:\\xampp\\htdocs\\SPK-Saw\\app\\Views\\index.php', 22, [...])
 2 SYSTEMPATH\View\View.php(224): include('C:\\xampp\\htdocs\\SPK-Saw\\app\\Views\\index.php')
 3 SYSTEMPATH\View\View.php(227): CodeIgniter\View\View->CodeIgniter\View\{closure}()
 4 SYSTEMPATH\Common.php(1180): CodeIgniter\View\View->render('index', [], true)
 5 APPPATH\Controllers\Home.php(51): view('index', [...])
 6 SYSTEMPATH\CodeIgniter.php(932): App\Controllers\Home->prosesForm()
 7 SYSTEMPATH\CodeIgniter.php(497): CodeIgniter\CodeIgniter->runController(Object(App\Controllers\Home))
 8 SYSTEMPATH\CodeIgniter.php(366): CodeIgniter\CodeIgniter->handleRequest(null, Object(Config\Cache), false)
 9 FCPATH\index.php(67): CodeIgniter\CodeIgniter->run()
10 SYSTEMPATH\Commands\Server\rewrite.php(47): require_once('C:\\xampp\\htdocs\\SPK-Saw\\public\\index.php')
CRITICAL - 2023-12-09 09:54:41 --> syntax error, unexpected end of file, expecting elseif (T_ELSEIF) or else (T_ELSE) or endif (T_ENDIF)
in APPPATH\Views\index.php on line 104.
 1 SYSTEMPATH\View\View.php(227): CodeIgniter\View\View->CodeIgniter\View\{closure}()
 2 SYSTEMPATH\Common.php(1180): CodeIgniter\View\View->render('index', [], true)
 3 APPPATH\Controllers\Home.php(51): view('index', [...])
 4 SYSTEMPATH\CodeIgniter.php(932): App\Controllers\Home->prosesForm()
 5 SYSTEMPATH\CodeIgniter.php(497): CodeIgniter\CodeIgniter->runController(Object(App\Controllers\Home))
 6 SYSTEMPATH\CodeIgniter.php(366): CodeIgniter\CodeIgniter->handleRequest(null, Object(Config\Cache), false)
 7 FCPATH\index.php(67): CodeIgniter\CodeIgniter->run()
 8 SYSTEMPATH\Commands\Server\rewrite.php(47): require_once('C:\\xampp\\htdocs\\SPK-Saw\\public\\index.php')
CRITICAL - 2023-12-09 09:55:37 --> Undefined variable: alternatifOptions
in APPPATH\Views\index.php on line 22.
 1 APPPATH\Views\index.php(22): CodeIgniter\Debug\Exceptions->errorHandler(8, 'Undefined variable: alternatifOptions', 'C:\\xampp\\htdocs\\SPK-Saw\\app\\Views\\index.php', 22, [...])
 2 SYSTEMPATH\View\View.php(224): include('C:\\xampp\\htdocs\\SPK-Saw\\app\\Views\\index.php')
 3 SYSTEMPATH\View\View.php(227): CodeIgniter\View\View->CodeIgniter\View\{closure}()
 4 SYSTEMPATH\Common.php(1180): CodeIgniter\View\View->render('index', [], true)
 5 APPPATH\Controllers\Home.php(51): view('index', [...])
 6 SYSTEMPATH\CodeIgniter.php(932): App\Controllers\Home->prosesForm()
 7 SYSTEMPATH\CodeIgniter.php(497): CodeIgniter\CodeIgniter->runController(Object(App\Controllers\Home))
 8 SYSTEMPATH\CodeIgniter.php(366): CodeIgniter\CodeIgniter->handleRequest(null, Object(Config\Cache), false)
 9 FCPATH\index.php(67): CodeIgniter\CodeIgniter->run()
10 SYSTEMPATH\Commands\Server\rewrite.php(47): require_once('C:\\xampp\\htdocs\\SPK-Saw\\public\\index.php')
CRITICAL - 2023-12-09 09:56:25 --> Undefined variable: totalNilai
in APPPATH\Views\index.php on line 98.
 1 APPPATH\Views\index.php(98): CodeIgniter\Debug\Exceptions->errorHandler(8, 'Undefined variable: totalNilai', 'C:\\xampp\\htdocs\\SPK-Saw\\app\\Views\\index.php', 98, [...])
 2 SYSTEMPATH\View\View.php(224): include('C:\\xampp\\htdocs\\SPK-Saw\\app\\Views\\index.php')
 3 SYSTEMPATH\View\View.php(227): CodeIgniter\View\View->CodeIgniter\View\{closure}()
 4 SYSTEMPATH\Common.php(1180): CodeIgniter\View\View->render('index', [], true)
 5 APPPATH\Controllers\Home.php(54): view('index', [...])
 6 SYSTEMPATH\CodeIgniter.php(932): App\Controllers\Home->prosesForm()
 7 SYSTEMPATH\CodeIgniter.php(497): CodeIgniter\CodeIgniter->runController(Object(App\Controllers\Home))
 8 SYSTEMPATH\CodeIgniter.php(366): CodeIgniter\CodeIgniter->handleRequest(null, Object(Config\Cache), false)
 9 FCPATH\index.php(67): CodeIgniter\CodeIgniter->run()
10 SYSTEMPATH\Commands\Server\rewrite.php(47): require_once('C:\\xampp\\htdocs\\SPK-Saw\\public\\index.php')
CRITICAL - 2023-12-09 10:37:27 --> Undefined index: totalNilai
in APPPATH\Views\index.php on line 101.
 1 APPPATH\Views\index.php(101): CodeIgniter\Debug\Exceptions->errorHandler(8, 'Undefined index: totalNilai', 'C:\\xampp\\htdocs\\SPK-Saw\\app\\Views\\index.php', 101, [...])
 2 SYSTEMPATH\View\View.php(224): include('C:\\xampp\\htdocs\\SPK-Saw\\app\\Views\\index.php')
 3 SYSTEMPATH\View\View.php(227): CodeIgniter\View\View->CodeIgniter\View\{closure}()
 4 SYSTEMPATH\Common.php(1180): CodeIgniter\View\View->render('index', [], true)
 5 APPPATH\Controllers\Home.php(54): view('index', [...])
 6 SYSTEMPATH\CodeIgniter.php(932): App\Controllers\Home->prosesForm()
 7 SYSTEMPATH\CodeIgniter.php(497): CodeIgniter\CodeIgniter->runController(Object(App\Controllers\Home))
 8 SYSTEMPATH\CodeIgniter.php(366): CodeIgniter\CodeIgniter->handleRequest(null, Object(Config\Cache), false)
 9 FCPATH\index.php(67): CodeIgniter\CodeIgniter->run()
10 SYSTEMPATH\Commands\Server\rewrite.php(47): require_once('C:\\xampp\\htdocs\\SPK-Saw\\public\\index.php')
CRITICAL - 2023-12-09 10:43:10 --> Array to string conversion
in APPPATH\Views\index.php on line 102.
 1 APPPATH\Views\index.php(102): CodeIgniter\Debug\Exceptions->errorHandler(8, 'Array to string conversion', 'C:\\xampp\\htdocs\\SPK-Saw\\app\\Views\\index.php', 102, [...])
 2 SYSTEMPATH\View\View.php(224): include('C:\\xampp\\htdocs\\SPK-Saw\\app\\Views\\index.php')
 3 SYSTEMPATH\View\View.php(227): CodeIgniter\View\View->CodeIgniter\View\{closure}()
 4 SYSTEMPATH\Common.php(1180): CodeIgniter\View\View->render('index', [], true)
 5 APPPATH\Controllers\Home.php(54): view('index', [...])
 6 SYSTEMPATH\CodeIgniter.php(932): App\Controllers\Home->prosesForm()
 7 SYSTEMPATH\CodeIgniter.php(497): CodeIgniter\CodeIgniter->runController(Object(App\Controllers\Home))
 8 SYSTEMPATH\CodeIgniter.php(366): CodeIgniter\CodeIgniter->handleRequest(null, Object(Config\Cache), false)
 9 FCPATH\index.php(67): CodeIgniter\CodeIgniter->run()
10 SYSTEMPATH\Commands\Server\rewrite.php(47): require_once('C:\\xampp\\htdocs\\SPK-Saw\\public\\index.php')
CRITICAL - 2023-12-09 12:49:22 --> Division by zero
in APPPATH\Controllers\Home.php on line 98.
 1 APPPATH\Controllers\Home.php(98): CodeIgniter\Debug\Exceptions->errorHandler(2, 'Division by zero', 'C:\\xampp\\htdocs\\SPK-Saw\\app\\Controllers\\Home.php', 98, [...])
 2 APPPATH\Controllers\Home.php(45): App\Controllers\Home->hitungSAW([...], [...], [...], [...], [...])
 3 SYSTEMPATH\CodeIgniter.php(932): App\Controllers\Home->prosesForm()
 4 SYSTEMPATH\CodeIgniter.php(497): CodeIgniter\CodeIgniter->runController(Object(App\Controllers\Home))
 5 SYSTEMPATH\CodeIgniter.php(366): CodeIgniter\CodeIgniter->handleRequest(null, Object(Config\Cache), false)
 6 FCPATH\index.php(67): CodeIgniter\CodeIgniter->run()
 7 SYSTEMPATH\Commands\Server\rewrite.php(47): require_once('C:\\xampp\\htdocs\\SPK-Saw\\public\\index.php')
CRITICAL - 2023-12-09 12:52:05 --> Division by zero
in APPPATH\Controllers\Home.php on line 90.
 1 APPPATH\Controllers\Home.php(90): CodeIgniter\Debug\Exceptions->errorHandler(2, 'Division by zero', 'C:\\xampp\\htdocs\\SPK-Saw\\app\\Controllers\\Home.php', 90, [...])
 2 APPPATH\Controllers\Home.php(45): App\Controllers\Home->hitungSAW([...], [...], [...], [...], [...])
 3 SYSTEMPATH\CodeIgniter.php(932): App\Controllers\Home->prosesForm()
 4 SYSTEMPATH\CodeIgniter.php(497): CodeIgniter\CodeIgniter->runController(Object(App\Controllers\Home))
 5 SYSTEMPATH\CodeIgniter.php(366): CodeIgniter\CodeIgniter->handleRequest(null, Object(Config\Cache), false)
 6 FCPATH\index.php(67): CodeIgniter\CodeIgniter->run()
 7 SYSTEMPATH\Commands\Server\rewrite.php(47): require_once('C:\\xampp\\htdocs\\SPK-Saw\\public\\index.php')
