CRITICAL - 2023-12-17 10:17:53 --> Undefined index: nama
in APPPATH\Views\index.php on line 119.
 1 APPPATH\Views\index.php(119): CodeIgniter\Debug\Exceptions->errorHandler(8, 'Undefined index: nama', 'C:\\JokoJoki\\SPK\\spk-saw\\app\\Views\\index.php', 119, [...])
 2 SYSTEMPATH\View\View.php(224): include('C:\\JokoJoki\\SPK\\spk-saw\\app\\Views\\index.php')
 3 SYSTEMPATH\View\View.php(227): CodeIgniter\View\View->CodeIgniter\View\{closure}()
 4 SYSTEMPATH\Common.php(1180): CodeIgniter\View\View->render('index', [], true)
 5 APPPATH\Controllers\Home.php(54): view('index', [...])
 6 SYSTEMPATH\CodeIgniter.php(932): App\Controllers\Home->prosesForm()
 7 SYSTEMPATH\CodeIgniter.php(497): CodeIgniter\CodeIgniter->runController(Object(App\Controllers\Home))
 8 SYSTEMPATH\CodeIgniter.php(366): CodeIgniter\CodeIgniter->handleRequest(null, Object(Config\Cache), false)
 9 FCPATH\index.php(67): CodeIgniter\CodeIgniter->run()
10 SYSTEMPATH\Commands\Server\rewrite.php(47): require_once('C:\\JokoJoki\\SPK\\spk-saw\\public\\index.php')
CRITICAL - 2023-12-17 10:23:29 --> Undefined variable: nama
in APPPATH\Controllers\Home.php on line 90.
 1 APPPATH\Controllers\Home.php(90): CodeIgniter\Debug\Exceptions->errorHandler(8, 'Undefined variable: nama', 'C:\\JokoJoki\\SPK\\spk-saw\\app\\Controllers\\Home.php', 90, [...])
 2 APPPATH\Controllers\Home.php(48): App\Controllers\Home->hitungSAW([...], [...], [...], [...], [...])
 3 SYSTEMPATH\CodeIgniter.php(932): App\Controllers\Home->prosesForm()
 4 SYSTEMPATH\CodeIgniter.php(497): CodeIgniter\CodeIgniter->runController(Object(App\Controllers\Home))
 5 SYSTEMPATH\CodeIgniter.php(366): CodeIgniter\CodeIgniter->handleRequest(null, Object(Config\Cache), false)
 6 FCPATH\index.php(67): CodeIgniter\CodeIgniter->run()
 7 SYSTEMPATH\Commands\Server\rewrite.php(47): require_once('C:\\JokoJoki\\SPK\\spk-saw\\public\\index.php')
CRITICAL - 2023-12-17 10:25:46 --> A non-numeric value encountered
in APPPATH\Controllers\Home.php on line 107.
 1 APPPATH\Controllers\Home.php(107): CodeIgniter\Debug\Exceptions->errorHandler(2, 'A non-numeric value encountered', 'C:\\JokoJoki\\SPK\\spk-saw\\app\\Controllers\\Home.php', 107, [...])
 2 APPPATH\Controllers\Home.php(50): App\Controllers\Home->hitungSAW([...], [...], [...], [...], [...], 'kndjskada', 'jasdjsa')
 3 SYSTEMPATH\CodeIgniter.php(932): App\Controllers\Home->prosesForm()
 4 SYSTEMPATH\CodeIgniter.php(497): CodeIgniter\CodeIgniter->runController(Object(App\Controllers\Home))
 5 SYSTEMPATH\CodeIgniter.php(366): CodeIgniter\CodeIgniter->handleRequest(null, Object(Config\Cache), false)
 6 FCPATH\index.php(67): CodeIgniter\CodeIgniter->run()
 7 SYSTEMPATH\Commands\Server\rewrite.php(47): require_once('C:\\JokoJoki\\SPK\\spk-saw\\public\\index.php')
CRITICAL - 2023-12-17 10:26:50 --> A non-numeric value encountered
in APPPATH\Controllers\Home.php on line 107.
 1 APPPATH\Controllers\Home.php(107): CodeIgniter\Debug\Exceptions->errorHandler(2, 'A non-numeric value encountered', 'C:\\JokoJoki\\SPK\\spk-saw\\app\\Controllers\\Home.php', 107, [...])
 2 APPPATH\Controllers\Home.php(50): App\Controllers\Home->hitungSAW([...], [...], [...], [...], [...], 'kndjskada', 'jasdjsa')
 3 SYSTEMPATH\CodeIgniter.php(932): App\Controllers\Home->prosesForm()
 4 SYSTEMPATH\CodeIgniter.php(497): CodeIgniter\CodeIgniter->runController(Object(App\Controllers\Home))
 5 SYSTEMPATH\CodeIgniter.php(366): CodeIgniter\CodeIgniter->handleRequest(null, Object(Config\Cache), false)
 6 FCPATH\index.php(67): CodeIgniter\CodeIgniter->run()
 7 SYSTEMPATH\Commands\Server\rewrite.php(47): require_once('C:\\JokoJoki\\SPK\\spk-saw\\public\\index.php')
CRITICAL - 2023-12-17 10:27:15 --> A non-numeric value encountered
in APPPATH\Controllers\Home.php on line 105.
 1 APPPATH\Controllers\Home.php(105): CodeIgniter\Debug\Exceptions->errorHandler(2, 'A non-numeric value encountered', 'C:\\JokoJoki\\SPK\\spk-saw\\app\\Controllers\\Home.php', 105, [...])
 2 APPPATH\Controllers\Home.php(50): App\Controllers\Home->hitungSAW([...], [...], [...], [...], [...], 'kndjskada', 'jasdjsa')
 3 SYSTEMPATH\CodeIgniter.php(932): App\Controllers\Home->prosesForm()
 4 SYSTEMPATH\CodeIgniter.php(497): CodeIgniter\CodeIgniter->runController(Object(App\Controllers\Home))
 5 SYSTEMPATH\CodeIgniter.php(366): CodeIgniter\CodeIgniter->handleRequest(null, Object(Config\Cache), false)
 6 FCPATH\index.php(67): CodeIgniter\CodeIgniter->run()
 7 SYSTEMPATH\Commands\Server\rewrite.php(47): require_once('C:\\JokoJoki\\SPK\\spk-saw\\public\\index.php')
CRITICAL - 2023-12-17 10:27:55 --> A non-numeric value encountered
in APPPATH\Controllers\Home.php on line 105.
 1 APPPATH\Controllers\Home.php(105): CodeIgniter\Debug\Exceptions->errorHandler(2, 'A non-numeric value encountered', 'C:\\JokoJoki\\SPK\\spk-saw\\app\\Controllers\\Home.php', 105, [...])
 2 APPPATH\Controllers\Home.php(50): App\Controllers\Home->hitungSAW([...], [...], [...], [...], [...], 'kndjskada', 'jasdjsa')
 3 SYSTEMPATH\CodeIgniter.php(932): App\Controllers\Home->prosesForm()
 4 SYSTEMPATH\CodeIgniter.php(497): CodeIgniter\CodeIgniter->runController(Object(App\Controllers\Home))
 5 SYSTEMPATH\CodeIgniter.php(366): CodeIgniter\CodeIgniter->handleRequest(null, Object(Config\Cache), false)
 6 FCPATH\index.php(67): CodeIgniter\CodeIgniter->run()
 7 SYSTEMPATH\Commands\Server\rewrite.php(47): require_once('C:\\JokoJoki\\SPK\\spk-saw\\public\\index.php')
CRITICAL - 2023-12-17 10:28:07 --> Undefined index: nama
in APPPATH\Controllers\Home.php on line 139.
 1 APPPATH\Controllers\Home.php(139): CodeIgniter\Debug\Exceptions->errorHandler(8, 'Undefined index: nama', 'C:\\JokoJoki\\SPK\\spk-saw\\app\\Controllers\\Home.php', 139, [...])
 2 APPPATH\Controllers\Home.php(50): App\Controllers\Home->hitungSAW([...], [...], [...], [...], [...], 'kndjskada', 'jasdjsa')
 3 SYSTEMPATH\CodeIgniter.php(932): App\Controllers\Home->prosesForm()
 4 SYSTEMPATH\CodeIgniter.php(497): CodeIgniter\CodeIgniter->runController(Object(App\Controllers\Home))
 5 SYSTEMPATH\CodeIgniter.php(366): CodeIgniter\CodeIgniter->handleRequest(null, Object(Config\Cache), false)
 6 FCPATH\index.php(67): CodeIgniter\CodeIgniter->run()
 7 SYSTEMPATH\Commands\Server\rewrite.php(47): require_once('C:\\JokoJoki\\SPK\\spk-saw\\public\\index.php')
CRITICAL - 2023-12-17 10:30:03 --> Undefined index: nama
in APPPATH\Views\index.php on line 119.
 1 APPPATH\Views\index.php(119): CodeIgniter\Debug\Exceptions->errorHandler(8, 'Undefined index: nama', 'C:\\JokoJoki\\SPK\\spk-saw\\app\\Views\\index.php', 119, [...])
 2 SYSTEMPATH\View\View.php(224): include('C:\\JokoJoki\\SPK\\spk-saw\\app\\Views\\index.php')
 3 SYSTEMPATH\View\View.php(227): CodeIgniter\View\View->CodeIgniter\View\{closure}()
 4 SYSTEMPATH\Common.php(1180): CodeIgniter\View\View->render('index', [], true)
 5 APPPATH\Controllers\Home.php(55): view('index', [...])
 6 SYSTEMPATH\CodeIgniter.php(932): App\Controllers\Home->prosesForm()
 7 SYSTEMPATH\CodeIgniter.php(497): CodeIgniter\CodeIgniter->runController(Object(App\Controllers\Home))
 8 SYSTEMPATH\CodeIgniter.php(366): CodeIgniter\CodeIgniter->handleRequest(null, Object(Config\Cache), false)
 9 FCPATH\index.php(67): CodeIgniter\CodeIgniter->run()
10 SYSTEMPATH\Commands\Server\rewrite.php(47): require_once('C:\\JokoJoki\\SPK\\spk-saw\\public\\index.php')
CRITICAL - 2023-12-17 10:32:30 --> A non-numeric value encountered
in APPPATH\Controllers\Home.php on line 119.
 1 APPPATH\Controllers\Home.php(119): CodeIgniter\Debug\Exceptions->errorHandler(2, 'A non-numeric value encountered', 'C:\\JokoJoki\\SPK\\spk-saw\\app\\Controllers\\Home.php', 119, [...])
 2 APPPATH\Controllers\Home.php(45): App\Controllers\Home->hitungSAW([...], [...], [...], [...], [...])
 3 SYSTEMPATH\CodeIgniter.php(932): App\Controllers\Home->prosesForm()
 4 SYSTEMPATH\CodeIgniter.php(497): CodeIgniter\CodeIgniter->runController(Object(App\Controllers\Home))
 5 SYSTEMPATH\CodeIgniter.php(366): CodeIgniter\CodeIgniter->handleRequest(null, Object(Config\Cache), false)
 6 FCPATH\index.php(67): CodeIgniter\CodeIgniter->run()
 7 SYSTEMPATH\Commands\Server\rewrite.php(47): require_once('C:\\JokoJoki\\SPK\\spk-saw\\public\\index.php')
CRITICAL - 2023-12-17 10:32:52 --> A non-numeric value encountered
in APPPATH\Controllers\Home.php on line 119.
 1 APPPATH\Controllers\Home.php(119): CodeIgniter\Debug\Exceptions->errorHandler(2, 'A non-numeric value encountered', 'C:\\JokoJoki\\SPK\\spk-saw\\app\\Controllers\\Home.php', 119, [...])
 2 APPPATH\Controllers\Home.php(45): App\Controllers\Home->hitungSAW([...], [...], [...], [...], [...])
 3 SYSTEMPATH\CodeIgniter.php(932): App\Controllers\Home->prosesForm()
 4 SYSTEMPATH\CodeIgniter.php(497): CodeIgniter\CodeIgniter->runController(Object(App\Controllers\Home))
 5 SYSTEMPATH\CodeIgniter.php(366): CodeIgniter\CodeIgniter->handleRequest(null, Object(Config\Cache), false)
 6 FCPATH\index.php(67): CodeIgniter\CodeIgniter->run()
 7 SYSTEMPATH\Commands\Server\rewrite.php(47): require_once('C:\\JokoJoki\\SPK\\spk-saw\\public\\index.php')
CRITICAL - 2023-12-17 10:35:51 --> Undefined index: nama
in APPPATH\Views\index.php on line 119.
 1 APPPATH\Views\index.php(119): CodeIgniter\Debug\Exceptions->errorHandler(8, 'Undefined index: nama', 'C:\\JokoJoki\\SPK\\spk-saw\\app\\Views\\index.php', 119, [...])
 2 SYSTEMPATH\View\View.php(224): include('C:\\JokoJoki\\SPK\\spk-saw\\app\\Views\\index.php')
 3 SYSTEMPATH\View\View.php(227): CodeIgniter\View\View->CodeIgniter\View\{closure}()
 4 SYSTEMPATH\Common.php(1180): CodeIgniter\View\View->render('index', [], true)
 5 APPPATH\Controllers\Home.php(60): view('index', [...])
 6 SYSTEMPATH\CodeIgniter.php(932): App\Controllers\Home->prosesForm()
 7 SYSTEMPATH\CodeIgniter.php(497): CodeIgniter\CodeIgniter->runController(Object(App\Controllers\Home))
 8 SYSTEMPATH\CodeIgniter.php(366): CodeIgniter\CodeIgniter->handleRequest(null, Object(Config\Cache), false)
 9 FCPATH\index.php(67): CodeIgniter\CodeIgniter->run()
10 SYSTEMPATH\Commands\Server\rewrite.php(47): require_once('C:\\JokoJoki\\SPK\\spk-saw\\public\\index.php')
CRITICAL - 2023-12-17 10:39:09 --> Undefined index: nama
in APPPATH\Views\index.php on line 119.
 1 APPPATH\Views\index.php(119): CodeIgniter\Debug\Exceptions->errorHandler(8, 'Undefined index: nama', 'C:\\JokoJoki\\SPK\\spk-saw\\app\\Views\\index.php', 119, [...])
 2 SYSTEMPATH\View\View.php(224): include('C:\\JokoJoki\\SPK\\spk-saw\\app\\Views\\index.php')
 3 SYSTEMPATH\View\View.php(227): CodeIgniter\View\View->CodeIgniter\View\{closure}()
 4 SYSTEMPATH\Common.php(1180): CodeIgniter\View\View->render('index', [], true)
 5 APPPATH\Controllers\Home.php(60): view('index', [...])
 6 SYSTEMPATH\CodeIgniter.php(932): App\Controllers\Home->prosesForm()
 7 SYSTEMPATH\CodeIgniter.php(497): CodeIgniter\CodeIgniter->runController(Object(App\Controllers\Home))
 8 SYSTEMPATH\CodeIgniter.php(366): CodeIgniter\CodeIgniter->handleRequest(null, Object(Config\Cache), false)
 9 FCPATH\index.php(67): CodeIgniter\CodeIgniter->run()
10 SYSTEMPATH\Commands\Server\rewrite.php(47): require_once('C:\\JokoJoki\\SPK\\spk-saw\\public\\index.php')
CRITICAL - 2023-12-17 10:40:13 --> Undefined index: nama
in APPPATH\Views\index.php on line 119.
 1 APPPATH\Views\index.php(119): CodeIgniter\Debug\Exceptions->errorHandler(8, 'Undefined index: nama', 'C:\\JokoJoki\\SPK\\spk-saw\\app\\Views\\index.php', 119, [...])
 2 SYSTEMPATH\View\View.php(224): include('C:\\JokoJoki\\SPK\\spk-saw\\app\\Views\\index.php')
 3 SYSTEMPATH\View\View.php(227): CodeIgniter\View\View->CodeIgniter\View\{closure}()
 4 SYSTEMPATH\Common.php(1180): CodeIgniter\View\View->render('index', [], true)
 5 APPPATH\Controllers\Home.php(60): view('index', [...])
 6 SYSTEMPATH\CodeIgniter.php(932): App\Controllers\Home->prosesForm()
 7 SYSTEMPATH\CodeIgniter.php(497): CodeIgniter\CodeIgniter->runController(Object(App\Controllers\Home))
 8 SYSTEMPATH\CodeIgniter.php(366): CodeIgniter\CodeIgniter->handleRequest(null, Object(Config\Cache), false)
 9 FCPATH\index.php(67): CodeIgniter\CodeIgniter->run()
10 SYSTEMPATH\Commands\Server\rewrite.php(47): require_once('C:\\JokoJoki\\SPK\\spk-saw\\public\\index.php')
CRITICAL - 2023-12-17 10:41:26 --> Undefined index: nama
in APPPATH\Views\index.php on line 119.
 1 APPPATH\Views\index.php(119): CodeIgniter\Debug\Exceptions->errorHandler(8, 'Undefined index: nama', 'C:\\JokoJoki\\SPK\\spk-saw\\app\\Views\\index.php', 119, [...])
 2 SYSTEMPATH\View\View.php(224): include('C:\\JokoJoki\\SPK\\spk-saw\\app\\Views\\index.php')
 3 SYSTEMPATH\View\View.php(227): CodeIgniter\View\View->CodeIgniter\View\{closure}()
 4 SYSTEMPATH\Common.php(1180): CodeIgniter\View\View->render('index', [], true)
 5 APPPATH\Controllers\Home.php(60): view('index', [...])
 6 SYSTEMPATH\CodeIgniter.php(932): App\Controllers\Home->prosesForm()
 7 SYSTEMPATH\CodeIgniter.php(497): CodeIgniter\CodeIgniter->runController(Object(App\Controllers\Home))
 8 SYSTEMPATH\CodeIgniter.php(366): CodeIgniter\CodeIgniter->handleRequest(null, Object(Config\Cache), false)
 9 FCPATH\index.php(67): CodeIgniter\CodeIgniter->run()
10 SYSTEMPATH\Commands\Server\rewrite.php(47): require_once('C:\\JokoJoki\\SPK\\spk-saw\\public\\index.php')
CRITICAL - 2023-12-17 10:41:30 --> Undefined index: nama
in APPPATH\Views\index.php on line 119.
 1 APPPATH\Views\index.php(119): CodeIgniter\Debug\Exceptions->errorHandler(8, 'Undefined index: nama', 'C:\\JokoJoki\\SPK\\spk-saw\\app\\Views\\index.php', 119, [...])
 2 SYSTEMPATH\View\View.php(224): include('C:\\JokoJoki\\SPK\\spk-saw\\app\\Views\\index.php')
 3 SYSTEMPATH\View\View.php(227): CodeIgniter\View\View->CodeIgniter\View\{closure}()
 4 SYSTEMPATH\Common.php(1180): CodeIgniter\View\View->render('index', [], true)
 5 APPPATH\Controllers\Home.php(60): view('index', [...])
 6 SYSTEMPATH\CodeIgniter.php(932): App\Controllers\Home->prosesForm()
 7 SYSTEMPATH\CodeIgniter.php(497): CodeIgniter\CodeIgniter->runController(Object(App\Controllers\Home))
 8 SYSTEMPATH\CodeIgniter.php(366): CodeIgniter\CodeIgniter->handleRequest(null, Object(Config\Cache), false)
 9 FCPATH\index.php(67): CodeIgniter\CodeIgniter->run()
10 SYSTEMPATH\Commands\Server\rewrite.php(47): require_once('C:\\JokoJoki\\SPK\\spk-saw\\public\\index.php')
CRITICAL - 2023-12-17 10:42:02 --> Undefined index: nama
in APPPATH\Controllers\Home.php on line 152.
 1 APPPATH\Controllers\Home.php(152): CodeIgniter\Debug\Exceptions->errorHandler(8, 'Undefined index: nama', 'C:\\JokoJoki\\SPK\\spk-saw\\app\\Controllers\\Home.php', 152, [...])
 2 APPPATH\Controllers\Home.php(49): App\Controllers\Home->hitungSAW([...], [...], [...], [...], [...], 'kndjskada', 'jasdjsa')
 3 SYSTEMPATH\CodeIgniter.php(932): App\Controllers\Home->prosesForm()
 4 SYSTEMPATH\CodeIgniter.php(497): CodeIgniter\CodeIgniter->runController(Object(App\Controllers\Home))
 5 SYSTEMPATH\CodeIgniter.php(366): CodeIgniter\CodeIgniter->handleRequest(null, Object(Config\Cache), false)
 6 FCPATH\index.php(67): CodeIgniter\CodeIgniter->run()
 7 SYSTEMPATH\Commands\Server\rewrite.php(47): require_once('C:\\JokoJoki\\SPK\\spk-saw\\public\\index.php')
CRITICAL - 2023-12-17 10:43:36 --> Undefined index: nama
in APPPATH\Controllers\Home.php on line 152.
 1 APPPATH\Controllers\Home.php(152): CodeIgniter\Debug\Exceptions->errorHandler(8, 'Undefined index: nama', 'C:\\JokoJoki\\SPK\\spk-saw\\app\\Controllers\\Home.php', 152, [...])
 2 APPPATH\Controllers\Home.php(49): App\Controllers\Home->hitungSAW([...], [...], [...], [...], [...], 'kndjskada', 'jasdjsa')
 3 SYSTEMPATH\CodeIgniter.php(932): App\Controllers\Home->prosesForm()
 4 SYSTEMPATH\CodeIgniter.php(497): CodeIgniter\CodeIgniter->runController(Object(App\Controllers\Home))
 5 SYSTEMPATH\CodeIgniter.php(366): CodeIgniter\CodeIgniter->handleRequest(null, Object(Config\Cache), false)
 6 FCPATH\index.php(67): CodeIgniter\CodeIgniter->run()
 7 SYSTEMPATH\Commands\Server\rewrite.php(47): require_once('C:\\JokoJoki\\SPK\\spk-saw\\public\\index.php')
CRITICAL - 2023-12-17 10:46:37 --> Undefined index: nama
in APPPATH\Controllers\Home.php on line 155.
 1 APPPATH\Controllers\Home.php(155): CodeIgniter\Debug\Exceptions->errorHandler(8, 'Undefined index: nama', 'C:\\JokoJoki\\SPK\\spk-saw\\app\\Controllers\\Home.php', 155, [...])
 2 APPPATH\Controllers\Home.php(52): App\Controllers\Home->hitungSAW([...], [...], [...], [...], [...], 'kndjskada', 'jasdjsa')
 3 SYSTEMPATH\CodeIgniter.php(932): App\Controllers\Home->prosesForm()
 4 SYSTEMPATH\CodeIgniter.php(497): CodeIgniter\CodeIgniter->runController(Object(App\Controllers\Home))
 5 SYSTEMPATH\CodeIgniter.php(366): CodeIgniter\CodeIgniter->handleRequest(null, Object(Config\Cache), false)
 6 FCPATH\index.php(67): CodeIgniter\CodeIgniter->run()
 7 SYSTEMPATH\Commands\Server\rewrite.php(47): require_once('C:\\JokoJoki\\SPK\\spk-saw\\public\\index.php')
CRITICAL - 2023-12-17 10:47:50 --> Undefined index: nama
in APPPATH\Views\index.php on line 119.
 1 APPPATH\Views\index.php(119): CodeIgniter\Debug\Exceptions->errorHandler(8, 'Undefined index: nama', 'C:\\JokoJoki\\SPK\\spk-saw\\app\\Views\\index.php', 119, [...])
 2 SYSTEMPATH\View\View.php(224): include('C:\\JokoJoki\\SPK\\spk-saw\\app\\Views\\index.php')
 3 SYSTEMPATH\View\View.php(227): CodeIgniter\View\View->CodeIgniter\View\{closure}()
 4 SYSTEMPATH\Common.php(1180): CodeIgniter\View\View->render('index', [], true)
 5 APPPATH\Controllers\Home.php(60): view('index', [...])
 6 SYSTEMPATH\CodeIgniter.php(932): App\Controllers\Home->prosesForm()
 7 SYSTEMPATH\CodeIgniter.php(497): CodeIgniter\CodeIgniter->runController(Object(App\Controllers\Home))
 8 SYSTEMPATH\CodeIgniter.php(366): CodeIgniter\CodeIgniter->handleRequest(null, Object(Config\Cache), false)
 9 FCPATH\index.php(67): CodeIgniter\CodeIgniter->run()
10 SYSTEMPATH\Commands\Server\rewrite.php(47): require_once('C:\\JokoJoki\\SPK\\spk-saw\\public\\index.php')
CRITICAL - 2023-12-17 12:52:57 --> Namespace declaration statement has to be the very first statement or after any declare call in the script
in APPPATH\Models\M_Hasil.php on line 4.
 1 [internal function]: CodeIgniter\Debug\Exceptions->shutdownHandler()
CRITICAL - 2023-12-17 12:53:46 --> Undefined index: nama
in APPPATH\Controllers\Home.php on line 57.
 1 APPPATH\Controllers\Home.php(57): CodeIgniter\Debug\Exceptions->errorHandler(8, 'Undefined index: nama', 'C:\\JokoJoki\\SPK\\spk-saw\\app\\Controllers\\Home.php', 57, [...])
 2 SYSTEMPATH\CodeIgniter.php(932): App\Controllers\Home->prosesForm()
 3 SYSTEMPATH\CodeIgniter.php(497): CodeIgniter\CodeIgniter->runController(Object(App\Controllers\Home))
 4 SYSTEMPATH\CodeIgniter.php(366): CodeIgniter\CodeIgniter->handleRequest(null, Object(Config\Cache), false)
 5 FCPATH\index.php(67): CodeIgniter\CodeIgniter->run()
 6 SYSTEMPATH\Commands\Server\rewrite.php(47): require_once('C:\\JokoJoki\\SPK\\spk-saw\\public\\index.php')
DEBUG - 2023-12-17 13:22:12 --> Keys: Array
(
    [0] => 0
    [1] => 4
    [2] => 3
    [3] => 2
    [4] => 1
)

DEBUG - 2023-12-17 13:22:12 --> Max Rank Key: 0
DEBUG - 2023-12-17 13:22:12 --> Best Alternative Key: 0
DEBUG - 2023-12-17 13:22:12 --> Recommended Topic: 
DEBUG - 2023-12-17 13:22:12 --> Data Hasil: Array
(
    [nama] => fdssdfds
    [nim] => dsfds
    [rekomendasi] => 
)

CRITICAL - 2023-12-17 13:28:58 --> Invalid file: "layouts/template.php"
in SYSTEMPATH\Exceptions\FrameworkException.php on line 33.
 1 SYSTEMPATH\View\View.php(212): CodeIgniter\Exceptions\FrameworkException::forInvalidFile('layouts/template.php')
 2 SYSTEMPATH\View\View.php(240): CodeIgniter\View\View->render('layouts/template', [], true)
 3 SYSTEMPATH\Common.php(1180): CodeIgniter\View\View->render('hasil', [], true)
 4 APPPATH\Controllers\Home.php(300): view('hasil', [...])
 5 SYSTEMPATH\CodeIgniter.php(932): App\Controllers\Home->hasil()
 6 SYSTEMPATH\CodeIgniter.php(497): CodeIgniter\CodeIgniter->runController(Object(App\Controllers\Home))
 7 SYSTEMPATH\CodeIgniter.php(366): CodeIgniter\CodeIgniter->handleRequest(null, Object(Config\Cache), false)
 8 FCPATH\index.php(67): CodeIgniter\CodeIgniter->run()
 9 SYSTEMPATH\Commands\Server\rewrite.php(47): require_once('C:\\JokoJoki\\SPK\\spk-saw\\public\\index.php')
CRITICAL - 2023-12-17 13:29:27 --> Invalid file: "layout/template.php"
in SYSTEMPATH\Exceptions\FrameworkException.php on line 33.
 1 SYSTEMPATH\View\View.php(212): CodeIgniter\Exceptions\FrameworkException::forInvalidFile('layout/template.php')
 2 SYSTEMPATH\View\View.php(240): CodeIgniter\View\View->render('layout/template', [], true)
 3 SYSTEMPATH\Common.php(1180): CodeIgniter\View\View->render('hasil', [], true)
 4 APPPATH\Controllers\Home.php(300): view('hasil', [...])
 5 SYSTEMPATH\CodeIgniter.php(932): App\Controllers\Home->hasil()
 6 SYSTEMPATH\CodeIgniter.php(497): CodeIgniter\CodeIgniter->runController(Object(App\Controllers\Home))
 7 SYSTEMPATH\CodeIgniter.php(366): CodeIgniter\CodeIgniter->handleRequest(null, Object(Config\Cache), false)
 8 FCPATH\index.php(67): CodeIgniter\CodeIgniter->run()
 9 SYSTEMPATH\Commands\Server\rewrite.php(47): require_once('C:\\JokoJoki\\SPK\\spk-saw\\public\\index.php')
CRITICAL - 2023-12-17 13:35:50 --> Undefined variable: hasil
in APPPATH\Views\hasil.php on line 19.
 1 APPPATH\Views\hasil.php(19): CodeIgniter\Debug\Exceptions->errorHandler(8, 'Undefined variable: hasil', 'C:\\JokoJoki\\SPK\\spk-saw\\app\\Views\\hasil.php', 19, [...])
 2 SYSTEMPATH\View\View.php(224): include('C:\\JokoJoki\\SPK\\spk-saw\\app\\Views\\hasil.php')
 3 SYSTEMPATH\View\View.php(227): CodeIgniter\View\View->CodeIgniter\View\{closure}()
 4 SYSTEMPATH\Common.php(1180): CodeIgniter\View\View->render('hasil', [], true)
 5 APPPATH\Controllers\Home.php(300): view('hasil', [...])
 6 SYSTEMPATH\CodeIgniter.php(932): App\Controllers\Home->hasil()
 7 SYSTEMPATH\CodeIgniter.php(497): CodeIgniter\CodeIgniter->runController(Object(App\Controllers\Home))
 8 SYSTEMPATH\CodeIgniter.php(366): CodeIgniter\CodeIgniter->handleRequest(null, Object(Config\Cache), false)
 9 FCPATH\index.php(67): CodeIgniter\CodeIgniter->run()
10 SYSTEMPATH\Commands\Server\rewrite.php(47): require_once('C:\\JokoJoki\\SPK\\spk-saw\\public\\index.php')
CRITICAL - 2023-12-17 13:38:01 --> Invalid file: "layout/main.php"
in SYSTEMPATH\Exceptions\FrameworkException.php on line 33.
 1 SYSTEMPATH\View\View.php(212): CodeIgniter\Exceptions\FrameworkException::forInvalidFile('layout/main.php')
 2 SYSTEMPATH\View\View.php(240): CodeIgniter\View\View->render('layout/main', [], true)
 3 SYSTEMPATH\Common.php(1180): CodeIgniter\View\View->render('hasil', [], true)
 4 APPPATH\Controllers\Home.php(300): view('hasil', [...])
 5 SYSTEMPATH\CodeIgniter.php(932): App\Controllers\Home->hasil()
 6 SYSTEMPATH\CodeIgniter.php(497): CodeIgniter\CodeIgniter->runController(Object(App\Controllers\Home))
 7 SYSTEMPATH\CodeIgniter.php(366): CodeIgniter\CodeIgniter->handleRequest(null, Object(Config\Cache), false)
 8 FCPATH\index.php(67): CodeIgniter\CodeIgniter->run()
 9 SYSTEMPATH\Commands\Server\rewrite.php(47): require_once('C:\\JokoJoki\\SPK\\spk-saw\\public\\index.php')
CRITICAL - 2023-12-17 13:38:03 --> Invalid file: "layout/main.php"
in SYSTEMPATH\Exceptions\FrameworkException.php on line 33.
 1 SYSTEMPATH\View\View.php(212): CodeIgniter\Exceptions\FrameworkException::forInvalidFile('layout/main.php')
 2 SYSTEMPATH\View\View.php(240): CodeIgniter\View\View->render('layout/main', [], true)
 3 SYSTEMPATH\Common.php(1180): CodeIgniter\View\View->render('hasil', [], true)
 4 APPPATH\Controllers\Home.php(300): view('hasil', [...])
 5 SYSTEMPATH\CodeIgniter.php(932): App\Controllers\Home->hasil()
 6 SYSTEMPATH\CodeIgniter.php(497): CodeIgniter\CodeIgniter->runController(Object(App\Controllers\Home))
 7 SYSTEMPATH\CodeIgniter.php(366): CodeIgniter\CodeIgniter->handleRequest(null, Object(Config\Cache), false)
 8 FCPATH\index.php(67): CodeIgniter\CodeIgniter->run()
 9 SYSTEMPATH\Commands\Server\rewrite.php(47): require_once('C:\\JokoJoki\\SPK\\spk-saw\\public\\index.php')
